<?xml version="1.0" encoding="UTF-8"?>
<!-- Generated by org.testng.reporters.JUnitReportReporter -->
<testsuite name="org.com.Demo12" tests="1" time="0.016" ignored="0" failures="0" timestamp="16 Feb 2017 08:33:48 GMT" skipped="0" hostname="USHA-PC" errors="0">
  <testcase name="test" time="0.016" classname="org.com.Demo12"/>
</testsuite> <!-- org.com.Demo12 -->
